2024-06-24 22:16:07 - Closing JPA EntityManagerFactory for persistence unit 'default'
2024-06-24 22:17:01 - HV000001: Hibernate Validator 6.2.0.Final
2024-06-24 22:17:01 - Starting H2Application using Java 11.0.12 on gabrieldragomir with PID 40200 (C:\Users\gabriel.dragomir\IdeaProjects\DragomirGabrielBogdan-P1\target\classes started by gabriel.dragomir in C:\Users\gabriel.dragomir\IdeaProjects\DragomirGabrielBogdan-P1)
2024-06-24 22:17:01 - Running with Spring Boot v2.5.5, Spring v5.3.10
2024-06-24 22:17:01 - The following profiles are active: h2
2024-06-24 22:17:03 - Bootstrapping Spring Data JPA repositories in DEFAULT mode.
2024-06-24 22:17:03 - Finished Spring Data repository scanning in 209 ms. Found 13 JPA repository interfaces.
2024-06-24 22:17:05 - Tomcat initialized with port(s): 8080 (http)
2024-06-24 22:17:05 - Root WebApplicationContext: initialization completed in 3856 ms
2024-06-24 22:17:05 - H2 console available at '/h2-console'. Database available at 'jdbc:h2:mem:phonestore'
2024-06-24 22:17:06 - HHH000204: Processing PersistenceUnitInfo [name: default]
2024-06-24 22:17:06 - HHH000412: Hibernate ORM core version 5.4.32.Final
2024-06-24 22:17:06 - HCANN000001: Hibernate Commons Annotations {5.1.2.Final}
2024-06-24 22:17:06 - HHH000400: Using dialect: org.hibernate.dialect.H2Dialect
2024-06-24 22:17:09 - create table accessory (id bigint generated by default as identity, name varchar(255), brand_id bigint not null, primary key (id))
2024-06-24 22:17:09 - create table brand (id bigint generated by default as identity, name varchar(255), primary key (id))
2024-06-24 22:17:09 - create table customer (id bigint generated by default as identity, name varchar(255), primary key (id))
2024-06-24 22:17:09 - create table employee (id bigint generated by default as identity, name varchar(255), store_id bigint not null, primary key (id))
2024-06-24 22:17:09 - create table employee_repair (employee_id bigint not null, repair_id bigint not null)
2024-06-24 22:17:09 - create table model (id bigint generated by default as identity, name varchar(255), brand_id bigint not null, primary key (id))
2024-06-24 22:17:09 - create table payment (id bigint generated by default as identity, primary key (id))
2024-06-24 22:17:09 - create table phone (id bigint generated by default as identity, name varchar(255), brand_id bigint not null, model_id bigint not null, primary key (id))
2024-06-24 22:17:09 - create table phone_accessory (phone_id bigint not null, accessory_id bigint not null)
2024-06-24 22:17:09 - create table purchase_order (id bigint generated by default as identity, customer_id bigint not null, employee_id bigint not null, payment_id bigint not null, phone_id bigint not null, primary key (id))
2024-06-24 22:17:09 - create table rental (id bigint generated by default as identity, customer_id bigint not null, employee_id bigint not null, payment_id bigint not null, phone_id bigint not null, primary key (id))
2024-06-24 22:17:09 - create table repair (id bigint generated by default as identity, customer_id bigint not null, phone_id bigint not null, primary key (id))
2024-06-24 22:17:09 - create table review (id bigint generated by default as identity, content varchar(255), customer_id bigint not null, phone_id bigint not null, primary key (id))
2024-06-24 22:17:09 - create table stock (id bigint generated by default as identity, phone_id bigint not null, store_id bigint not null, primary key (id))
2024-06-24 22:17:09 - create table store (id bigint generated by default as identity, name varchar(255), primary key (id))
2024-06-24 22:17:10 - alter table accessory add constraint FK5qjniqrd41xgqhtbwwskryk5d foreign key (brand_id) references brand
2024-06-24 22:17:10 - alter table employee add constraint FKeg6451w5jta9oobtdgfe5c3n5 foreign key (store_id) references store
2024-06-24 22:17:10 - alter table employee_repair add constraint FK7mg4l42bmuddovevkodhsldp foreign key (repair_id) references repair
2024-06-24 22:17:10 - alter table employee_repair add constraint FK43vsa60c7x5q4lg0pabv4do4p foreign key (employee_id) references employee
2024-06-24 22:17:10 - alter table model add constraint FKhbgv4j3vpt308sepyq9q79mhu foreign key (brand_id) references brand
2024-06-24 22:17:10 - alter table phone add constraint FKbhy7psqpx733tnprkykjgibdn foreign key (brand_id) references brand
2024-06-24 22:17:10 - alter table phone add constraint FKo51hk67687lg0bi0neig6onq8 foreign key (model_id) references model
2024-06-24 22:17:10 - alter table phone_accessory add constraint FKo66qgo714r8ogatkysk08i7ot foreign key (accessory_id) references accessory
2024-06-24 22:17:10 - alter table phone_accessory add constraint FK318qde20dq59juw37muh0hoof foreign key (phone_id) references phone
2024-06-24 22:17:10 - alter table purchase_order add constraint FK158vbkwgyf5r6ogk9nkugqv2c foreign key (customer_id) references customer
2024-06-24 22:17:10 - alter table purchase_order add constraint FKplmilqprk3xgwul1lt25q3t9b foreign key (employee_id) references employee
2024-06-24 22:17:10 - alter table purchase_order add constraint FKq1ucotgmtici0ksdm8tsotr29 foreign key (payment_id) references payment
2024-06-24 22:17:10 - alter table purchase_order add constraint FKpjlabx3tmum70kvqxbaj38o31 foreign key (phone_id) references phone
2024-06-24 22:17:10 - alter table rental add constraint FK7jf1f7b8w6jotl5qw1kxn8114 foreign key (customer_id) references customer
2024-06-24 22:17:10 - alter table rental add constraint FK54aab24hih6txs5g945gy10kw foreign key (employee_id) references employee
2024-06-24 22:17:10 - alter table rental add constraint FKcs5aqo1hvl6f7ft91myow5g6c foreign key (payment_id) references payment
2024-06-24 22:17:10 - alter table rental add constraint FK7gduq0fdo7qnbebe65mjscq2p foreign key (phone_id) references phone
2024-06-24 22:17:10 - alter table repair add constraint FKs492o3a20go94q78s6b8091nl foreign key (customer_id) references customer
2024-06-24 22:17:10 - alter table repair add constraint FKpqbfocaojw3nb2wiele1rehw0 foreign key (phone_id) references phone
2024-06-24 22:17:10 - alter table review add constraint FKgce54o0p6uugoc2tev4awewly foreign key (customer_id) references customer
2024-06-24 22:17:10 - alter table review add constraint FKh2fc42n2e4ls8crxl7cddq1y foreign key (phone_id) references phone
2024-06-24 22:17:10 - alter table stock add constraint FK485s7djhtlt2y4f3dblqt883y foreign key (phone_id) references phone
2024-06-24 22:17:10 - alter table stock add constraint FKa9un5jymd7dqr3orbkt9fa74b foreign key (store_id) references store
2024-06-24 22:17:10 - HHH000490: Using JtaPlatform implementation: [org.hibernate.engine.transaction.jta.platform.internal.NoJtaPlatform]
2024-06-24 22:17:10 - Initialized JPA EntityManagerFactory for persistence unit 'default'
2024-06-24 22:17:10 - spring.jpa.open-in-view is enabled by default. Therefore, database queries may be performed during view rendering. Explicitly configure spring.jpa.open-in-view to disable this warning
2024-06-24 22:17:12 - User.withDefaultPasswordEncoder() is considered unsafe for production and is only intended for sample applications.
2024-06-24 22:17:12 - Will secure any request with [org.springframework.security.web.context.request.async.WebAsyncManagerIntegrationFilter@54fd5759, org.springframework.security.web.context.SecurityContextPersistenceFilter@1d988297, org.springframework.security.web.header.HeaderWriterFilter@7ba623d1, org.springframework.security.web.csrf.CsrfFilter@99af41d, org.springframework.security.web.authentication.logout.LogoutFilter@15a5cc6e, org.springframework.security.web.authentication.UsernamePasswordAuthenticationFilter@3889c343, org.springframework.security.web.savedrequest.RequestCacheAwareFilter@118879d2, org.springframework.security.web.servletapi.SecurityContextHolderAwareRequestFilter@7c3223aa, org.springframework.security.web.authentication.AnonymousAuthenticationFilter@6a358906, org.springframework.security.web.session.SessionManagementFilter@6dbdbb69, org.springframework.security.web.access.ExceptionTranslationFilter@24fc9aa5, org.springframework.security.web.access.intercept.FilterSecurityInterceptor@66f223fa]
2024-06-24 22:17:13 - Tomcat started on port(s): 8080 (http) with context path ''
2024-06-24 22:17:13 - Started H2Application in 13.351 seconds (JVM running for 14.843)
2024-06-24 22:17:14 - Closing JPA EntityManagerFactory for persistence unit 'default'
